<?xml version="1.0" encoding="UTF-8"?>
<testsuite xmlns:xsi="http://www.w3.org/2001/XMLSchema-instance" xsi:noNamespaceSchemaLocation="https://maven.apache.org/surefire/maven-surefire-plugin/xsd/surefire-test-report.xsd" name="com.adobe.aem.guides.wknd.spa.react.core.filters.LoggingFilterTest" time="1.214" tests="1" errors="0" skipped="0" failures="0">
  <properties>
    <property name="gopherProxySet" value="false"/>
    <property name="awt.toolkit" value="sun.lwawt.macosx.LWCToolkit"/>
    <property name="java.specification.version" value="11"/>
    <property name="sun.cpu.isalist" value=""/>
    <property name="sun.jnu.encoding" value="UTF-8"/>
    <property name="java.class.path" value="/Users/julmurillo/.m2/repository/org/apache/maven/surefire/surefire-booter/2.22.1/surefire-booter-2.22.1.jar:/Users/julmurillo/.m2/repository/org/apache/maven/surefire/surefire-api/2.22.1/surefire-api-2.22.1.jar:/Users/julmurillo/.m2/repository/org/apache/maven/surefire/surefire-logger-api/2.22.1/surefire-logger-api-2.22.1.jar:/Users/julmurillo/Documents/UHC/code/spa-aem-project/core/target/test-classes:/Users/julmurillo/Documents/UHC/code/spa-aem-project/core/target/classes:/Users/julmurillo/.m2/repository/uk/org/lidalia/slf4j-test/1.0.1/slf4j-test-1.0.1.jar:/Users/julmurillo/.m2/repository/uk/org/lidalia/lidalia-lang/1.0.0/lidalia-lang-1.0.0.jar:/Users/julmurillo/.m2/repository/org/apache/commons/commons-lang3/3.1/commons-lang3-3.1.jar:/Users/julmurillo/.m2/repository/com/google/guava/guava/14.0.1/guava-14.0.1.jar:/Users/julmurillo/.m2/repository/uk/org/lidalia/lidalia-slf4j-ext/1.0.0/lidalia-slf4j-ext-1.0.0.jar:/Users/julmurillo/.m2/repository/joda-time/joda-time/2.2/joda-time-2.2.jar:/Users/julmurillo/.m2/repository/org/osgi/org.osgi.annotation.versioning/1.1.0/org.osgi.annotation.versioning-1.1.0.jar:/Users/julmurillo/.m2/repository/org/osgi/org.osgi.annotation.bundle/1.0.0/org.osgi.annotation.bundle-1.0.0.jar:/Users/julmurillo/.m2/repository/org/osgi/org.osgi.service.metatype.annotations/1.4.0/org.osgi.service.metatype.annotations-1.4.0.jar:/Users/julmurillo/.m2/repository/org/osgi/org.osgi.service.component.annotations/1.4.0/org.osgi.service.component.annotations-1.4.0.jar:/Users/julmurillo/.m2/repository/org/osgi/org.osgi.service.component/1.4.0/org.osgi.service.component-1.4.0.jar:/Users/julmurillo/.m2/repository/org/osgi/org.osgi.service.cm/1.6.0/org.osgi.service.cm-1.6.0.jar:/Users/julmurillo/.m2/repository/org/osgi/org.osgi.service.event/1.3.1/org.osgi.service.event-1.3.1.jar:/Users/julmurillo/.m2/repository/org/osgi/org.osgi.service.log/1.4.0/org.osgi.service.log-1.4.0.jar:/Users/julmurillo/.m2/repository/org/osgi/org.osgi.framework/1.9.0/org.osgi.framework-1.9.0.jar:/Users/julmurillo/.m2/repository/org/osgi/org.osgi.resource/1.0.0/org.osgi.resource-1.0.0.jar:/Users/julmurillo/.m2/repository/org/slf4j/slf4j-api/1.7.21/slf4j-api-1.7.21.jar:/Users/julmurillo/.m2/repository/javax/jcr/jcr/2.0/jcr-2.0.jar:/Users/julmurillo/.m2/repository/javax/servlet/javax.servlet-api/3.1.0/javax.servlet-api-3.1.0.jar:/Users/julmurillo/.m2/repository/javax/annotation/javax.annotation-api/1.3.2/javax.annotation-api-1.3.2.jar:/Users/julmurillo/.m2/repository/org/apache/sling/org.apache.sling.servlets.annotations/1.2.4/org.apache.sling.servlets.annotations-1.2.4.jar:/Users/julmurillo/.m2/repository/com/adobe/cq/core.wcm.components.core/2.9.0/core.wcm.components.core-2.9.0.jar:/Users/julmurillo/.m2/repository/org/apache/sling/org.apache.sling.models.api/1.3.6/org.apache.sling.models.api-1.3.6.jar:/Users/julmurillo/.m2/repository/org/junit/jupiter/junit-jupiter/5.4.1/junit-jupiter-5.4.1.jar:/Users/julmurillo/.m2/repository/org/junit/jupiter/junit-jupiter-api/5.4.1/junit-jupiter-api-5.4.1.jar:/Users/julmurillo/.m2/repository/org/apiguardian/apiguardian-api/1.0.0/apiguardian-api-1.0.0.jar:/Users/julmurillo/.m2/repository/org/opentest4j/opentest4j/1.1.1/opentest4j-1.1.1.jar:/Users/julmurillo/.m2/repository/org/junit/platform/junit-platform-commons/1.4.1/junit-platform-commons-1.4.1.jar:/Users/julmurillo/.m2/repository/org/junit/jupiter/junit-jupiter-params/5.4.1/junit-jupiter-params-5.4.1.jar:/Users/julmurillo/.m2/repository/org/junit/jupiter/junit-jupiter-engine/5.4.1/junit-jupiter-engine-5.4.1.jar:/Users/julmurillo/.m2/repository/org/junit/platform/junit-platform-engine/1.4.1/junit-platform-engine-1.4.1.jar:/Users/julmurillo/.m2/repository/org/mockito/mockito-core/2.25.1/mockito-core-2.25.1.jar:/Users/julmurillo/.m2/repository/net/bytebuddy/byte-buddy/1.9.7/byte-buddy-1.9.7.jar:/Users/julmurillo/.m2/repository/net/bytebuddy/byte-buddy-agent/1.9.7/byte-buddy-agent-1.9.7.jar:/Users/julmurillo/.m2/repository/org/objenesis/objenesis/2.6/objenesis-2.6.jar:/Users/julmurillo/.m2/repository/org/mockito/mockito-junit-jupiter/2.25.1/mockito-junit-jupiter-2.25.1.jar:/Users/julmurillo/.m2/repository/junit-addons/junit-addons/1.4/junit-addons-1.4.jar:/Users/julmurillo/.m2/repository/junit/junit/3.8.1/junit-3.8.1.jar:/Users/julmurillo/.m2/repository/xerces/xercesImpl/2.6.2/xercesImpl-2.6.2.jar:/Users/julmurillo/.m2/repository/xerces/xmlParserAPIs/2.6.2/xmlParserAPIs-2.6.2.jar:/Users/julmurillo/.m2/repository/io/wcm/io.wcm.testing.aem-mock.junit5/2.5.2/io.wcm.testing.aem-mock.junit5-2.5.2.jar:/Users/julmurillo/.m2/repository/io/wcm/io.wcm.testing.aem-mock.core/2.5.2/io.wcm.testing.aem-mock.core-2.5.2.jar:/Users/julmurillo/.m2/repository/org/apache/sling/org.apache.sling.api/2.11.0/org.apache.sling.api-2.11.0.jar:/Users/julmurillo/.m2/repository/org/apache/jackrabbit/jackrabbit-jcr-commons/2.12.1/jackrabbit-jcr-commons-2.12.1.jar:/Users/julmurillo/.m2/repository/org/apache/sling/org.apache.sling.commons.osgi/2.4.0/org.apache.sling.commons.osgi-2.4.0.jar:/Users/julmurillo/.m2/repository/org/apache/sling/org.apache.sling.resourceresolver/1.4.8/org.apache.sling.resourceresolver-1.4.8.jar:/Users/julmurillo/.m2/repository/org/apache/sling/org.apache.sling.serviceusermapper/1.2.2/org.apache.sling.serviceusermapper-1.2.2.jar:/Users/julmurillo/.m2/repository/org/apache/sling/org.apache.sling.jcr.api/2.3.0/org.apache.sling.jcr.api-2.3.0.jar:/Users/julmurillo/.m2/repository/org/apache/sling/org.apache.sling.jcr.resource/2.7.4/org.apache.sling.jcr.resource-2.7.4.jar:/Users/julmurillo/.m2/repository/org/apache/sling/org.apache.sling.commons.mime/2.1.8/org.apache.sling.commons.mime-2.1.8.jar:/Users/julmurillo/.m2/repository/org/apache/sling/org.apache.sling.commons.json/2.0.16/org.apache.sling.commons.json-2.0.16.jar:/Users/julmurillo/.m2/repository/org/apache/sling/org.apache.sling.commons.classloader/1.3.2/org.apache.sling.commons.classloader-1.3.2.jar:/Users/julmurillo/.m2/repository/org/apache/sling/org.apache.sling.settings/1.3.8/org.apache.sling.settings-1.3.8.jar:/Users/julmurillo/.m2/repository/org/apache/sling/org.apache.sling.i18n/2.4.4/org.apache.sling.i18n-2.4.4.jar:/Users/julmurillo/.m2/repository/org/apache/sling/org.apache.sling.models.impl/1.2.2/org.apache.sling.models.impl-1.2.2.jar:/Users/julmurillo/.m2/repository/commons-beanutils/commons-beanutils/1.8.3/commons-beanutils-1.8.3.jar:/Users/julmurillo/.m2/repository/commons-logging/commons-logging/1.1.1/commons-logging-1.1.1.jar:/Users/julmurillo/.m2/repository/org/apache/jackrabbit/oak-jcr/1.4.1/oak-jcr-1.4.1.jar:/Users/julmurillo/.m2/repository/org/apache/jackrabbit/oak-core/1.4.1/oak-core-1.4.1.jar:/Users/julmurillo/.m2/repository/org/apache/jackrabbit/oak-blob/1.4.1/oak-blob-1.4.1.jar:/Users/julmurillo/.m2/repository/commons-codec/commons-codec/1.5/commons-codec-1.5.jar:/Users/julmurillo/.m2/repository/org/apache/jackrabbit/oak-segment/1.4.1/oak-segment-1.4.1.jar:/Users/julmurillo/.m2/repository/org/apache/jackrabbit/oak-commons/1.4.1/oak-commons-1.4.1.jar:/Users/julmurillo/.m2/repository/org/apache/jackrabbit/jackrabbit-api/2.12.1/jackrabbit-api-2.12.1.jar:/Users/julmurillo/.m2/repository/org/apache/sling/org.apache.sling.testing.jcr-mock/1.4.4/org.apache.sling.testing.jcr-mock-1.4.4.jar:/Users/julmurillo/.m2/repository/org/apache/sling/org.apache.sling.testing.osgi-mock.core/2.4.8/org.apache.sling.testing.osgi-mock.core-2.4.8.jar:/Users/julmurillo/.m2/repository/commons-io/commons-io/2.4/commons-io-2.4.jar:/Users/julmurillo/.m2/repository/org/reflections/reflections/0.9.9/reflections-0.9.9.jar:/Users/julmurillo/.m2/repository/org/javassist/javassist/3.18.2-GA/javassist-3.18.2-GA.jar:/Users/julmurillo/.m2/repository/org/apache/sling/org.apache.sling.testing.sling-mock.core/2.3.14/org.apache.sling.testing.sling-mock.core-2.3.14.jar:/Users/julmurillo/.m2/repository/org/apache/sling/org.apache.sling.scripting.api/2.1.8/org.apache.sling.scripting.api-2.1.8.jar:/Users/julmurillo/.m2/repository/org/apache/sling/org.apache.sling.scripting.core/2.0.36/org.apache.sling.scripting.core-2.0.36.jar:/Users/julmurillo/.m2/repository/org/apache/sling/org.apache.sling.jcr.contentparser/1.2.6/org.apache.sling.jcr.contentparser-1.2.6.jar:/Users/julmurillo/.m2/repository/org/apache/jackrabbit/vault/org.apache.jackrabbit.vault/3.1.18/org.apache.jackrabbit.vault-3.1.18.jar:/Users/julmurillo/.m2/repository/org/apache/johnzon/johnzon-core/1.0.0/johnzon-core-1.0.0.jar:/Users/julmurillo/.m2/repository/org/apache/sling/org.apache.sling.adapter/2.1.6/org.apache.sling.adapter-2.1.6.jar:/Users/julmurillo/.m2/repository/org/apache/sling/org.apache.sling.resourcebuilder/1.0.4/org.apache.sling.resourcebuilder-1.0.4.jar:/Users/julmurillo/.m2/repository/commons-collections/commons-collections/3.2.2/commons-collections-3.2.2.jar:/Users/julmurillo/.m2/repository/commons-lang/commons-lang/2.5/commons-lang-2.5.jar:/Users/julmurillo/.m2/repository/org/apache/geronimo/specs/geronimo-atinject_1.0_spec/1.0/geronimo-atinject_1.0_spec-1.0.jar:/Users/julmurillo/.m2/repository/org/apache/geronimo/specs/geronimo-json_1.1_spec/1.0/geronimo-json_1.1_spec-1.0.jar:/Users/julmurillo/.m2/repository/org/apache/sling/org.apache.sling.testing.resourceresolver-mock/1.1.24/org.apache.sling.testing.resourceresolver-mock-1.1.24.jar:/Users/julmurillo/.m2/repository/org/apache/sling/org.apache.sling.servlet-helpers/1.2.0/org.apache.sling.servlet-helpers-1.2.0.jar:/Users/julmurillo/.m2/repository/org/apache/commons/commons-imaging/1.0-R1534292/commons-imaging-1.0-R1534292.jar:/Users/julmurillo/.m2/repository/javax/servlet/jsp/jsp-api/2.1/jsp-api-2.1.jar:/Users/julmurillo/.m2/repository/com/day/commons/day-commons-gfx/2.1.28/day-commons-gfx-2.1.28.jar:/Users/julmurillo/.m2/repository/com/day/commons/day-commons-any/2.0.0/day-commons-any-2.0.0.jar:/Users/julmurillo/.m2/repository/com/day/commons/day-commons-text/1.1.3/day-commons-text-1.1.3.jar:/Users/julmurillo/.m2/repository/com/adobe/aem/uber-jar/6.4.4/uber-jar-6.4.4-apis.jar:/Users/julmurillo/.m2/repository/org/apache/maven/surefire/surefire-junit-platform/2.22.1/surefire-junit-platform-2.22.1.jar:/Users/julmurillo/.m2/repository/org/junit/platform/junit-platform-launcher/1.3.1/junit-platform-launcher-1.3.1.jar"/>
    <property name="java.vm.vendor" value="Oracle Corporation"/>
    <property name="sun.arch.data.model" value="64"/>
    <property name="java.vendor.url" value="https://openjdk.java.net/"/>
    <property name="user.timezone" value=""/>
    <property name="java.vm.specification.version" value="11"/>
    <property name="os.name" value="Mac OS X"/>
    <property name="sun.java.launcher" value="SUN_STANDARD"/>
    <property name="user.country" value="CO"/>
    <property name="sun.boot.library.path" value="/Library/Java/JavaVirtualMachines/jdk-11.0.9.jdk/Contents/Home/lib"/>
    <property name="sun.java.command" value="org.apache.maven.surefire.booter.ForkedBooter /Users/julmurillo/Documents/UHC/code/spa-aem-project/core/target/surefire 2021-02-22T15-48-32_319-jvmRun1 surefire17810321651025083519tmp surefire_08329280653309428903tmp"/>
    <property name="http.nonProxyHosts" value="local|*.local|169.254/16|*.169.254/16"/>
    <property name="jdk.debug" value="release"/>
    <property name="surefire.test.class.path" value="/Users/julmurillo/Documents/UHC/code/spa-aem-project/core/target/test-classes:/Users/julmurillo/Documents/UHC/code/spa-aem-project/core/target/classes:/Users/julmurillo/.m2/repository/uk/org/lidalia/slf4j-test/1.0.1/slf4j-test-1.0.1.jar:/Users/julmurillo/.m2/repository/uk/org/lidalia/lidalia-lang/1.0.0/lidalia-lang-1.0.0.jar:/Users/julmurillo/.m2/repository/org/apache/commons/commons-lang3/3.1/commons-lang3-3.1.jar:/Users/julmurillo/.m2/repository/com/google/guava/guava/14.0.1/guava-14.0.1.jar:/Users/julmurillo/.m2/repository/uk/org/lidalia/lidalia-slf4j-ext/1.0.0/lidalia-slf4j-ext-1.0.0.jar:/Users/julmurillo/.m2/repository/joda-time/joda-time/2.2/joda-time-2.2.jar:/Users/julmurillo/.m2/repository/org/osgi/org.osgi.annotation.versioning/1.1.0/org.osgi.annotation.versioning-1.1.0.jar:/Users/julmurillo/.m2/repository/org/osgi/org.osgi.annotation.bundle/1.0.0/org.osgi.annotation.bundle-1.0.0.jar:/Users/julmurillo/.m2/repository/org/osgi/org.osgi.service.metatype.annotations/1.4.0/org.osgi.service.metatype.annotations-1.4.0.jar:/Users/julmurillo/.m2/repository/org/osgi/org.osgi.service.component.annotations/1.4.0/org.osgi.service.component.annotations-1.4.0.jar:/Users/julmurillo/.m2/repository/org/osgi/org.osgi.service.component/1.4.0/org.osgi.service.component-1.4.0.jar:/Users/julmurillo/.m2/repository/org/osgi/org.osgi.service.cm/1.6.0/org.osgi.service.cm-1.6.0.jar:/Users/julmurillo/.m2/repository/org/osgi/org.osgi.service.event/1.3.1/org.osgi.service.event-1.3.1.jar:/Users/julmurillo/.m2/repository/org/osgi/org.osgi.service.log/1.4.0/org.osgi.service.log-1.4.0.jar:/Users/julmurillo/.m2/repository/org/osgi/org.osgi.framework/1.9.0/org.osgi.framework-1.9.0.jar:/Users/julmurillo/.m2/repository/org/osgi/org.osgi.resource/1.0.0/org.osgi.resource-1.0.0.jar:/Users/julmurillo/.m2/repository/org/slf4j/slf4j-api/1.7.21/slf4j-api-1.7.21.jar:/Users/julmurillo/.m2/repository/javax/jcr/jcr/2.0/jcr-2.0.jar:/Users/julmurillo/.m2/repository/javax/servlet/javax.servlet-api/3.1.0/javax.servlet-api-3.1.0.jar:/Users/julmurillo/.m2/repository/javax/annotation/javax.annotation-api/1.3.2/javax.annotation-api-1.3.2.jar:/Users/julmurillo/.m2/repository/org/apache/sling/org.apache.sling.servlets.annotations/1.2.4/org.apache.sling.servlets.annotations-1.2.4.jar:/Users/julmurillo/.m2/repository/com/adobe/cq/core.wcm.components.core/2.9.0/core.wcm.components.core-2.9.0.jar:/Users/julmurillo/.m2/repository/org/apache/sling/org.apache.sling.models.api/1.3.6/org.apache.sling.models.api-1.3.6.jar:/Users/julmurillo/.m2/repository/org/junit/jupiter/junit-jupiter/5.4.1/junit-jupiter-5.4.1.jar:/Users/julmurillo/.m2/repository/org/junit/jupiter/junit-jupiter-api/5.4.1/junit-jupiter-api-5.4.1.jar:/Users/julmurillo/.m2/repository/org/apiguardian/apiguardian-api/1.0.0/apiguardian-api-1.0.0.jar:/Users/julmurillo/.m2/repository/org/opentest4j/opentest4j/1.1.1/opentest4j-1.1.1.jar:/Users/julmurillo/.m2/repository/org/junit/platform/junit-platform-commons/1.4.1/junit-platform-commons-1.4.1.jar:/Users/julmurillo/.m2/repository/org/junit/jupiter/junit-jupiter-params/5.4.1/junit-jupiter-params-5.4.1.jar:/Users/julmurillo/.m2/repository/org/junit/jupiter/junit-jupiter-engine/5.4.1/junit-jupiter-engine-5.4.1.jar:/Users/julmurillo/.m2/repository/org/junit/platform/junit-platform-engine/1.4.1/junit-platform-engine-1.4.1.jar:/Users/julmurillo/.m2/repository/org/mockito/mockito-core/2.25.1/mockito-core-2.25.1.jar:/Users/julmurillo/.m2/repository/net/bytebuddy/byte-buddy/1.9.7/byte-buddy-1.9.7.jar:/Users/julmurillo/.m2/repository/net/bytebuddy/byte-buddy-agent/1.9.7/byte-buddy-agent-1.9.7.jar:/Users/julmurillo/.m2/repository/org/objenesis/objenesis/2.6/objenesis-2.6.jar:/Users/julmurillo/.m2/repository/org/mockito/mockito-junit-jupiter/2.25.1/mockito-junit-jupiter-2.25.1.jar:/Users/julmurillo/.m2/repository/junit-addons/junit-addons/1.4/junit-addons-1.4.jar:/Users/julmurillo/.m2/repository/junit/junit/3.8.1/junit-3.8.1.jar:/Users/julmurillo/.m2/repository/xerces/xercesImpl/2.6.2/xercesImpl-2.6.2.jar:/Users/julmurillo/.m2/repository/xerces/xmlParserAPIs/2.6.2/xmlParserAPIs-2.6.2.jar:/Users/julmurillo/.m2/repository/io/wcm/io.wcm.testing.aem-mock.junit5/2.5.2/io.wcm.testing.aem-mock.junit5-2.5.2.jar:/Users/julmurillo/.m2/repository/io/wcm/io.wcm.testing.aem-mock.core/2.5.2/io.wcm.testing.aem-mock.core-2.5.2.jar:/Users/julmurillo/.m2/repository/org/apache/sling/org.apache.sling.api/2.11.0/org.apache.sling.api-2.11.0.jar:/Users/julmurillo/.m2/repository/org/apache/jackrabbit/jackrabbit-jcr-commons/2.12.1/jackrabbit-jcr-commons-2.12.1.jar:/Users/julmurillo/.m2/repository/org/apache/sling/org.apache.sling.commons.osgi/2.4.0/org.apache.sling.commons.osgi-2.4.0.jar:/Users/julmurillo/.m2/repository/org/apache/sling/org.apache.sling.resourceresolver/1.4.8/org.apache.sling.resourceresolver-1.4.8.jar:/Users/julmurillo/.m2/repository/org/apache/sling/org.apache.sling.serviceusermapper/1.2.2/org.apache.sling.serviceusermapper-1.2.2.jar:/Users/julmurillo/.m2/repository/org/apache/sling/org.apache.sling.jcr.api/2.3.0/org.apache.sling.jcr.api-2.3.0.jar:/Users/julmurillo/.m2/repository/org/apache/sling/org.apache.sling.jcr.resource/2.7.4/org.apache.sling.jcr.resource-2.7.4.jar:/Users/julmurillo/.m2/repository/org/apache/sling/org.apache.sling.commons.mime/2.1.8/org.apache.sling.commons.mime-2.1.8.jar:/Users/julmurillo/.m2/repository/org/apache/sling/org.apache.sling.commons.json/2.0.16/org.apache.sling.commons.json-2.0.16.jar:/Users/julmurillo/.m2/repository/org/apache/sling/org.apache.sling.commons.classloader/1.3.2/org.apache.sling.commons.classloader-1.3.2.jar:/Users/julmurillo/.m2/repository/org/apache/sling/org.apache.sling.settings/1.3.8/org.apache.sling.settings-1.3.8.jar:/Users/julmurillo/.m2/repository/org/apache/sling/org.apache.sling.i18n/2.4.4/org.apache.sling.i18n-2.4.4.jar:/Users/julmurillo/.m2/repository/org/apache/sling/org.apache.sling.models.impl/1.2.2/org.apache.sling.models.impl-1.2.2.jar:/Users/julmurillo/.m2/repository/commons-beanutils/commons-beanutils/1.8.3/commons-beanutils-1.8.3.jar:/Users/julmurillo/.m2/repository/commons-logging/commons-logging/1.1.1/commons-logging-1.1.1.jar:/Users/julmurillo/.m2/repository/org/apache/jackrabbit/oak-jcr/1.4.1/oak-jcr-1.4.1.jar:/Users/julmurillo/.m2/repository/org/apache/jackrabbit/oak-core/1.4.1/oak-core-1.4.1.jar:/Users/julmurillo/.m2/repository/org/apache/jackrabbit/oak-blob/1.4.1/oak-blob-1.4.1.jar:/Users/julmurillo/.m2/repository/commons-codec/commons-codec/1.5/commons-codec-1.5.jar:/Users/julmurillo/.m2/repository/org/apache/jackrabbit/oak-segment/1.4.1/oak-segment-1.4.1.jar:/Users/julmurillo/.m2/repository/org/apache/jackrabbit/oak-commons/1.4.1/oak-commons-1.4.1.jar:/Users/julmurillo/.m2/repository/org/apache/jackrabbit/jackrabbit-api/2.12.1/jackrabbit-api-2.12.1.jar:/Users/julmurillo/.m2/repository/org/apache/sling/org.apache.sling.testing.jcr-mock/1.4.4/org.apache.sling.testing.jcr-mock-1.4.4.jar:/Users/julmurillo/.m2/repository/org/apache/sling/org.apache.sling.testing.osgi-mock.core/2.4.8/org.apache.sling.testing.osgi-mock.core-2.4.8.jar:/Users/julmurillo/.m2/repository/commons-io/commons-io/2.4/commons-io-2.4.jar:/Users/julmurillo/.m2/repository/org/reflections/reflections/0.9.9/reflections-0.9.9.jar:/Users/julmurillo/.m2/repository/org/javassist/javassist/3.18.2-GA/javassist-3.18.2-GA.jar:/Users/julmurillo/.m2/repository/org/apache/sling/org.apache.sling.testing.sling-mock.core/2.3.14/org.apache.sling.testing.sling-mock.core-2.3.14.jar:/Users/julmurillo/.m2/repository/org/apache/sling/org.apache.sling.scripting.api/2.1.8/org.apache.sling.scripting.api-2.1.8.jar:/Users/julmurillo/.m2/repository/org/apache/sling/org.apache.sling.scripting.core/2.0.36/org.apache.sling.scripting.core-2.0.36.jar:/Users/julmurillo/.m2/repository/org/apache/sling/org.apache.sling.jcr.contentparser/1.2.6/org.apache.sling.jcr.contentparser-1.2.6.jar:/Users/julmurillo/.m2/repository/org/apache/jackrabbit/vault/org.apache.jackrabbit.vault/3.1.18/org.apache.jackrabbit.vault-3.1.18.jar:/Users/julmurillo/.m2/repository/org/apache/johnzon/johnzon-core/1.0.0/johnzon-core-1.0.0.jar:/Users/julmurillo/.m2/repository/org/apache/sling/org.apache.sling.adapter/2.1.6/org.apache.sling.adapter-2.1.6.jar:/Users/julmurillo/.m2/repository/org/apache/sling/org.apache.sling.resourcebuilder/1.0.4/org.apache.sling.resourcebuilder-1.0.4.jar:/Users/julmurillo/.m2/repository/commons-collections/commons-collections/3.2.2/commons-collections-3.2.2.jar:/Users/julmurillo/.m2/repository/commons-lang/commons-lang/2.5/commons-lang-2.5.jar:/Users/julmurillo/.m2/repository/org/apache/geronimo/specs/geronimo-atinject_1.0_spec/1.0/geronimo-atinject_1.0_spec-1.0.jar:/Users/julmurillo/.m2/repository/org/apache/geronimo/specs/geronimo-json_1.1_spec/1.0/geronimo-json_1.1_spec-1.0.jar:/Users/julmurillo/.m2/repository/org/apache/sling/org.apache.sling.testing.resourceresolver-mock/1.1.24/org.apache.sling.testing.resourceresolver-mock-1.1.24.jar:/Users/julmurillo/.m2/repository/org/apache/sling/org.apache.sling.servlet-helpers/1.2.0/org.apache.sling.servlet-helpers-1.2.0.jar:/Users/julmurillo/.m2/repository/org/apache/commons/commons-imaging/1.0-R1534292/commons-imaging-1.0-R1534292.jar:/Users/julmurillo/.m2/repository/javax/servlet/jsp/jsp-api/2.1/jsp-api-2.1.jar:/Users/julmurillo/.m2/repository/com/day/commons/day-commons-gfx/2.1.28/day-commons-gfx-2.1.28.jar:/Users/julmurillo/.m2/repository/com/day/commons/day-commons-any/2.0.0/day-commons-any-2.0.0.jar:/Users/julmurillo/.m2/repository/com/day/commons/day-commons-text/1.1.3/day-commons-text-1.1.3.jar:/Users/julmurillo/.m2/repository/com/adobe/aem/uber-jar/6.4.4/uber-jar-6.4.4-apis.jar:"/>
    <property name="sun.cpu.endian" value="little"/>
    <property name="user.home" value="/Users/julmurillo"/>
    <property name="user.language" value="en"/>
    <property name="java.specification.vendor" value="Oracle Corporation"/>
    <property name="java.version.date" value="2020-10-20"/>
    <property name="java.home" value="/Library/Java/JavaVirtualMachines/jdk-11.0.9.jdk/Contents/Home"/>
    <property name="file.separator" value="/"/>
    <property name="basedir" value="/Users/julmurillo/Documents/UHC/code/spa-aem-project/core"/>
    <property name="java.vm.compressedOopsMode" value="Zero based"/>
    <property name="line.separator" value="&#10;"/>
    <property name="java.specification.name" value="Java Platform API Specification"/>
    <property name="java.vm.specification.vendor" value="Oracle Corporation"/>
    <property name="java.awt.graphicsenv" value="sun.awt.CGraphicsEnvironment"/>
    <property name="sun.management.compiler" value="HotSpot 64-Bit Tiered Compilers"/>
    <property name="ftp.nonProxyHosts" value="local|*.local|169.254/16|*.169.254/16"/>
    <property name="java.runtime.version" value="11.0.9+7-LTS"/>
    <property name="user.name" value="julmurillo"/>
    <property name="path.separator" value=":"/>
    <property name="os.version" value="10.15.7"/>
    <property name="java.runtime.name" value="Java(TM) SE Runtime Environment"/>
    <property name="file.encoding" value="UTF-8"/>
    <property name="java.vm.name" value="Java HotSpot(TM) 64-Bit Server VM"/>
    <property name="java.vendor.version" value="18.9"/>
    <property name="localRepository" value="/Users/julmurillo/.m2/repository"/>
    <property name="java.vendor.url.bug" value="https://bugreport.java.com/bugreport/"/>
    <property name="java.io.tmpdir" value="/var/folders/jx/dtj42qk52bb5xwypldxw46_00000gp/T/"/>
    <property name="java.version" value="11.0.9"/>
    <property name="user.dir" value="/Users/julmurillo/Documents/UHC/code/spa-aem-project/core"/>
    <property name="os.arch" value="x86_64"/>
    <property name="java.vm.specification.name" value="Java Virtual Machine Specification"/>
    <property name="java.awt.printerjob" value="sun.lwawt.macosx.CPrinterJob"/>
    <property name="sun.os.patch.level" value="unknown"/>
    <property name="java.library.path" value="/Users/julmurillo/Library/Java/Extensions:/Library/Java/Extensions:/Network/Library/Java/Extensions:/System/Library/Java/Extensions:/usr/lib/java:."/>
    <property name="java.vendor" value="Oracle Corporation"/>
    <property name="java.vm.info" value="mixed mode"/>
    <property name="java.vm.version" value="11.0.9+7-LTS"/>
    <property name="sun.io.unicode.encoding" value="UnicodeBig"/>
    <property name="java.class.version" value="55.0"/>
    <property name="socksNonProxyHosts" value="local|*.local|169.254/16|*.169.254/16"/>
  </properties>
  <testcase name="doFilter{AemContext}" classname="com.adobe.aem.guides.wknd.spa.react.core.filters.LoggingFilterTest" time="1.191"/>
</testsuite>